[15:50:05] [shed    ] Started "app" (PID 81016)
[15:50:06] [app     ]      Running BeforeDevCommand (`python3 -m http.server 1420 -d /Users/morizkraemer/Documents/CODE/pioneer/pioneer-test-ui/frontend`)
[15:50:06] [app     ]      Running DevCommand (`cargo  run --no-default-features --color always --`)
[15:50:06] [app     ]         Info Watching /Users/morizkraemer/Documents/CODE/pioneer/pioneer-test-ui for changes...
[15:50:06] [app     ]         Info Watching /Users/morizkraemer/Documents/CODE/pioneer/pioneer-usb-writer for changes...
[15:50:06] [app     ] Traceback (most recent call last):
[15:50:06] [app     ]   File "/Library/Developer/CommandLineTools/Library/Frameworks/Python3.framework/Versions/3.9/lib/python3.9/runpy.py", line 197, in _run_module_as_main
[15:50:06] [app     ]     return _run_code(code, main_globals, None,
[15:50:06] [app     ]   File "/Library/Developer/CommandLineTools/Library/Frameworks/Python3.framework/Versions/3.9/lib/python3.9/runpy.py", line 87, in _run_code
[15:50:06] [app     ]     exec(code, run_globals)
[15:50:06] [app     ]   File "/Library/Developer/CommandLineTools/Library/Frameworks/Python3.framework/Versions/3.9/lib/python3.9/http/server.py", line 1297, in <module>
[15:50:06] [app     ]     test(
[15:50:06] [app     ]   File "/Library/Developer/CommandLineTools/Library/Frameworks/Python3.framework/Versions/3.9/lib/python3.9/http/server.py", line 1252, in test
[15:50:06] [app     ]     with ServerClass(addr, HandlerClass) as httpd:
[15:50:06] [app     ]   File "/Library/Developer/CommandLineTools/Library/Frameworks/Python3.framework/Versions/3.9/lib/python3.9/socketserver.py", line 452, in __init__
[15:50:06] [app     ]     self.server_bind()
[15:50:06] [app     ]   File "/Library/Developer/CommandLineTools/Library/Frameworks/Python3.framework/Versions/3.9/lib/python3.9/http/server.py", line 1295, in server_bind
[15:50:06] [app     ]     return super().server_bind()
[15:50:06] [app     ]   File "/Library/Developer/CommandLineTools/Library/Frameworks/Python3.framework/Versions/3.9/lib/python3.9/http/server.py", line 138, in server_bind
[15:50:06] [app     ]     socketserver.TCPServer.server_bind(self)
[15:50:06] [app     ]   File "/Library/Developer/CommandLineTools/Library/Frameworks/Python3.framework/Versions/3.9/lib/python3.9/socketserver.py", line 466, in server_bind
[15:50:06] [app     ]     self.socket.bind(self.server_address)
[15:50:06] [app     ] OSError: [Errno 48] Address already in use
[15:50:06] [app     ]        Error The "beforeDevCommand" terminated with a non-zero status code.
[15:50:06] [shed    ] Service "app" exited with code 1
[15:52:13] [shed    ] Shutting down...
[15:52:15] [shed    ] Started "app" (PID 89109)
[15:52:15] [app     ]      Running BeforeDevCommand (`python3 -m http.server 1420 -d /Users/morizkraemer/Documents/CODE/pioneer/pioneer-test-ui/frontend`)
[15:52:17] [app     ]      Running DevCommand (`cargo  run --no-default-features --color always --`)
[15:52:17] [app     ]         Info Watching /Users/morizkraemer/Documents/CODE/pioneer/pioneer-test-ui for changes...
[15:52:17] [app     ]         Info Watching /Users/morizkraemer/Documents/CODE/pioneer/pioneer-usb-writer for changes...
[15:52:17] [app     ] [1m[92m    Finished[0m `dev` profile [unoptimized + debuginfo] target(s) in 0.33s
[15:52:17] [app     ] [1m[92m     Running[0m `/Users/morizkraemer/Documents/CODE/pioneer/target/debug/pioneer-test-ui`
[15:52:19] [app     ] ::1 - - [17/Apr/2026 15:52:19] "GET / HTTP/1.1" 200 -
[15:52:19] [app     ] ::1 - - [17/Apr/2026 15:52:19] "GET /style.css HTTP/1.1" 304 -
[15:52:19] [app     ] ::1 - - [17/Apr/2026 15:52:19] "GET /app.js HTTP/1.1" 200 -
[15:52:31] [shed    ] Shutting down...
[16:04:46] [shed    ] Started "app" (PID 31614)
[16:04:46] [app     ]      Running BeforeDevCommand (`python3 -m http.server 1420 -d /Users/morizkraemer/Documents/CODE/pioneer/pioneer-test-ui/frontend`)
[16:04:48] [app     ]      Running DevCommand (`cargo  run --no-default-features --color always --`)
[16:04:49] [app     ]         Info Watching /Users/morizkraemer/Documents/CODE/pioneer/pioneer-test-ui for changes...
[16:04:49] [app     ]         Info Watching /Users/morizkraemer/Documents/CODE/pioneer/pioneer-usb-writer for changes...
[16:04:49] [app     ] [1m[92m    Finished[0m `dev` profile [unoptimized + debuginfo] target(s) in 0.33s
[16:04:49] [app     ] [1m[92m     Running[0m `/Users/morizkraemer/Documents/CODE/pioneer/target/debug/pioneer-test-ui`
[16:04:50] [app     ] ::1 - - [17/Apr/2026 16:04:50] "GET / HTTP/1.1" 304 -
[16:04:50] [app     ] ::1 - - [17/Apr/2026 16:04:50] "GET /app.js HTTP/1.1" 304 -
